<?xml version="1.0" encoding="UTF-8"?>
<testng-results skipped="0" failed="1" ignored="0" total="10" passed="9">
  <reporter-output>
  </reporter-output>
  <suite name="Suite" duration-ms="197890" started-at="2017-11-07T20:35:27Z" finished-at="2017-11-07T20:38:45Z">
    <groups>
    </groups>
    <test name="Test" duration-ms="197890" started-at="2017-11-07T20:35:27Z" finished-at="2017-11-07T20:38:45Z">
      <class name="runtest">
        <test-method status="PASS" signature="BasicAuthTest()[pri:0, instance:runtest@6a024a67]" name="BasicAuthTest" duration-ms="16294" started-at="2017-11-07T20:35:27Z" finished-at="2017-11-07T20:35:43Z">
          <reporter-output>
          </reporter-output>
        </test-method> <!-- BasicAuthTest -->
        <test-method status="PASS" signature="Horizontalslidetest()[pri:0, instance:runtest@6a024a67]" name="Horizontalslidetest" duration-ms="16194" started-at="2017-11-07T20:35:43Z" finished-at="2017-11-07T20:35:59Z">
          <reporter-output>
          </reporter-output>
        </test-method> <!-- Horizontalslidetest -->
        <test-method status="PASS" signature="Hoverstest()[pri:0, instance:runtest@6a024a67]" name="Hoverstest" duration-ms="19213" started-at="2017-11-07T20:35:59Z" finished-at="2017-11-07T20:36:19Z">
          <reporter-output>
          </reporter-output>
        </test-method> <!-- Hoverstest -->
        <test-method status="PASS" signature="JavaScriptAlertstest()[pri:0, instance:runtest@6a024a67]" name="JavaScriptAlertstest" duration-ms="28623" started-at="2017-11-07T20:36:19Z" finished-at="2017-11-07T20:36:47Z">
          <reporter-output>
          </reporter-output>
        </test-method> <!-- JavaScriptAlertstest -->
        <test-method status="PASS" signature="Newwindowstest()[pri:0, instance:runtest@6a024a67]" name="Newwindowstest" duration-ms="19321" started-at="2017-11-07T20:36:47Z" finished-at="2017-11-07T20:37:07Z">
          <reporter-output>
          </reporter-output>
        </test-method> <!-- Newwindowstest -->
        <test-method status="PASS" signature="Notificationmessagetest()[pri:0, instance:runtest@6a024a67]" name="Notificationmessagetest" duration-ms="18042" started-at="2017-11-07T20:37:07Z" finished-at="2017-11-07T20:37:25Z">
          <reporter-output>
          </reporter-output>
        </test-method> <!-- Notificationmessagetest -->
        <test-method status="PASS" signature="contextmenutest()[pri:0, instance:runtest@6a024a67]" name="contextmenutest" duration-ms="22353" started-at="2017-11-07T20:37:25Z" finished-at="2017-11-07T20:37:47Z">
          <reporter-output>
          </reporter-output>
        </test-method> <!-- contextmenutest -->
        <test-method status="PASS" signature="dropdowntest()[pri:0, instance:runtest@6a024a67]" name="dropdowntest" duration-ms="22202" started-at="2017-11-07T20:37:47Z" finished-at="2017-11-07T20:38:09Z">
          <reporter-output>
          </reporter-output>
        </test-method> <!-- dropdowntest -->
        <test-method status="FAIL" signature="f()[pri:0, instance:runtest@6a024a67]" name="f" duration-ms="15215" started-at="2017-11-07T20:38:09Z" finished-at="2017-11-07T20:38:24Z">
          <exception class="org.openqa.selenium.NoSuchSessionException">
            <message>
              <![CDATA[Session ID is null. Using WebDriver after calling quit()?
Build info: version: '3.7.0', revision: '2321c73', time: '2017-11-02T22:12:12.411Z'
System info: host: 'DRUTI', ip: '192.168.8.100', os.name: 'Windows 8.1', os.arch: 'amd64', os.version: '6.3', java.version: '1.8.0_131'
Driver info: driver.version: RemoteWebDriver]]>
            </message>
            <full-stacktrace>
              <![CDATA[org.openqa.selenium.NoSuchSessionException: Session ID is null. Using WebDriver after calling quit()?
Build info: version: '3.7.0', revision: '2321c73', time: '2017-11-02T22:12:12.411Z'
System info: host: 'DRUTI', ip: '192.168.8.100', os.name: 'Windows 8.1', os.arch: 'amd64', os.version: '6.3', java.version: '1.8.0_131'
Driver info: driver.version: RemoteWebDriver
	at org.openqa.selenium.remote.HttpCommandExecutor.execute(HttpCommandExecutor.java:131)
	at org.openqa.selenium.remote.service.DriverCommandExecutor.execute(DriverCommandExecutor.java:83)
	at org.openqa.selenium.remote.RemoteWebDriver.execute(RemoteWebDriver.java:600)
	at org.openqa.selenium.remote.RemoteWebElement.execute(RemoteWebElement.java:279)
	at org.openqa.selenium.remote.RemoteWebElement.isSelected(RemoteWebElement.java:140)
	at checkbox.checkboxmethod(checkbox.java:36)
	at runtest.f(runtest.java:7)
	at sun.reflect.NativeMethodAccessorImpl.invoke0(Native Method)
	at sun.reflect.NativeMethodAccessorImpl.invoke(Unknown Source)
	at sun.reflect.DelegatingMethodAccessorImpl.invoke(Unknown Source)
	at java.lang.reflect.Method.invoke(Unknown Source)
	at org.testng.internal.MethodInvocationHelper.invokeMethod(MethodInvocationHelper.java:108)
	at org.testng.internal.Invoker.invokeMethod(Invoker.java:661)
	at org.testng.internal.Invoker.invokeTestMethod(Invoker.java:869)
	at org.testng.internal.Invoker.invokeTestMethods(Invoker.java:1193)
	at org.testng.internal.TestMethodWorker.invokeTestMethods(TestMethodWorker.java:126)
	at org.testng.internal.TestMethodWorker.run(TestMethodWorker.java:109)
	at org.testng.TestRunner.privateRun(TestRunner.java:744)
	at org.testng.TestRunner.run(TestRunner.java:602)
	at org.testng.SuiteRunner.runTest(SuiteRunner.java:380)
	at org.testng.SuiteRunner.runSequentially(SuiteRunner.java:375)
	at org.testng.SuiteRunner.privateRun(SuiteRunner.java:340)
	at org.testng.SuiteRunner.run(SuiteRunner.java:289)
	at org.testng.SuiteRunnerWorker.runSuite(SuiteRunnerWorker.java:52)
	at org.testng.SuiteRunnerWorker.run(SuiteRunnerWorker.java:86)
	at org.testng.TestNG.runSuitesSequentially(TestNG.java:1301)
	at org.testng.TestNG.runSuitesLocally(TestNG.java:1226)
	at org.testng.TestNG.runSuites(TestNG.java:1144)
	at org.testng.TestNG.run(TestNG.java:1115)
	at org.testng.remote.AbstractRemoteTestNG.run(AbstractRemoteTestNG.java:132)
	at org.testng.remote.RemoteTestNG.initAndRun(RemoteTestNG.java:230)
	at org.testng.remote.RemoteTestNG.main(RemoteTestNG.java:76)
]]>
            </full-stacktrace>
          </exception> <!-- org.openqa.selenium.NoSuchSessionException -->
          <reporter-output>
          </reporter-output>
        </test-method> <!-- f -->
        <test-method status="PASS" signature="uploadfiletest()[pri:0, instance:runtest@6a024a67]" name="uploadfiletest" duration-ms="20382" started-at="2017-11-07T20:38:24Z" finished-at="2017-11-07T20:38:45Z">
          <reporter-output>
          </reporter-output>
        </test-method> <!-- uploadfiletest -->
      </class> <!-- runtest -->
    </test> <!-- Test -->
  </suite> <!-- Suite -->
</testng-results>
